<?xml version="1.0" encoding="UTF-8"?>
<!-- Generated by org.testng.reporters.JUnitReportReporter -->
<testsuite hostname="DESKTOP-2JTSPE5" failures="0" tests="1" name="com.w2a.testcases.AddCustomerTest" time="3.968" errors="0" timestamp="2023-05-23T21:17:55 CDT" skipped="0">
  <testcase classname="com.w2a.testcases.AddCustomerTest" name="addCustomerTest" time="3.968"/>
  <system-out/>
</testsuite> <!-- com.w2a.testcases.AddCustomerTest -->
