<?xml version="1.0" encoding="UTF-8"?>
<!-- Generated by org.testng.reporters.JUnitReportReporter -->
<testsuite hostname="DESKTOP-2JTSPE5" failures="0" tests="1" name="com.w2a.testcases.LoginTest" time="3.600" errors="0" timestamp="2023-05-20T13:05:48 CDT" skipped="0">
  <testcase classname="com.w2a.testcases.LoginTest" name="loginAsBankManager" time="3.600"/>
  <system-out/>
</testsuite> <!-- com.w2a.testcases.LoginTest -->
