<?xml version="1.0" encoding="UTF-8"?>
<!-- Generated by org.testng.reporters.JUnitReportReporter -->
<testsuite hostname="DESKTOP-2JTSPE5" failures="0" tests="4" name="com.w2a.testcases.AddCustomerTest" time="14.096" errors="0" timestamp="2023-05-27T14:55:16 CDT" skipped="2">
  <testcase classname="com.w2a.testcases.AddCustomerTest" name="addCustomerTest" time="0.007">
    <skipped/>
  </testcase> <!-- addCustomerTest -->
  <system-out/>
  <testcase classname="com.w2a.testcases.AddCustomerTest" name="addCustomerTest" time="0.002">
    <skipped/>
  </testcase> <!-- addCustomerTest -->
  <system-out/>
  <testcase classname="com.w2a.testcases.AddCustomerTest" name="addCustomerTest" time="6.827"/>
  <system-out/>
  <testcase classname="com.w2a.testcases.AddCustomerTest" name="addCustomerTest" time="7.260"/>
  <system-out/>
</testsuite> <!-- com.w2a.testcases.AddCustomerTest -->
