<?xml version="1.0" encoding="UTF-8"?>
<!-- Generated by org.testng.reporters.JUnitReportReporter -->
<testsuite hostname="DESKTOP-2JTSPE5" failures="0" tests="1" name="com.w2a.testcases.BankManagerLoginTest" time="8.215" errors="0" timestamp="2023-05-27T14:55:16 CDT" skipped="0">
  <testcase classname="com.w2a.testcases.BankManagerLoginTest" name="bankManagerLoginTest" time="8.215"/>
  <system-out/>
</testsuite> <!-- com.w2a.testcases.BankManagerLoginTest -->
